{"ts":"2017-11-15T19:48:52.261Z","name":"Menu load test - 60 per minute","latency":{"min":-1,"max":-1,"avg":null,"median":0,"95%":0,"99%":0},"result-codes":{"total":0}},
{"ts":"2017-11-15T19:48:54.264Z","name":"Menu load test - 60 per minute","latency":{"min":1962,"max":3135,"avg":2871.2,"median":3087,"95%":3135,"99%":3135},"result-codes":{"200":5,"total":5}},
{"ts":"2017-11-15T19:48:56.265Z","name":"Menu load test - 60 per minute","latency":{"min":4637,"max":4637,"avg":4637,"median":4637,"95%":4637,"99%":4637},"result-codes":{"200":1,"total":1}},
{"ts":"2017-11-15T19:48:58.269Z","name":"Menu load test - 60 per minute","latency":{"min":1359,"max":6688,"avg":3097.3,"median":2900,"95%":6688,"99%":6688},"result-codes":{"200":4,"total":4}},
{"ts":"2017-11-15T19:49:00.271Z","name":"Menu load test - 60 per minute","latency":{"min":3027,"max":9953,"avg":6333.5,"median":4710,"95%":9953,"99%":9953},"result-codes":{"200":6,"total":6}},
{"ts":"2017-11-15T19:49:02.271Z","name":"Menu load test - 60 per minute","latency":{"min":1906,"max":5221,"avg":3248,"median":2702,"95%":5221,"99%":5221},"result-codes":{"200":4,"total":4}},
{"ts":"2017-11-15T19:49:04.278Z","name":"Menu load test - 60 per minute","latency":{"min":2155,"max":3231,"avg":2784.4,"median":3014,"95%":3231,"99%":3231},"result-codes":{"200":5,"total":5}},
{"ts":"2017-11-15T19:49:06.279Z","name":"Menu load test - 60 per minute","latency":{"min":1126,"max":4024,"avg":2282,"median":2543,"95%":4024,"99%":4024},"result-codes":{"200":4,"total":4}},
{"ts":"2017-11-15T19:49:08.280Z","name":"Menu load test - 60 per minute","latency":{"min":1688,"max":2598,"avg":2018.7,"median":2598,"95%":2598,"99%":2598},"result-codes":{"200":3,"total":3}},
{"ts":"2017-11-15T19:49:10.280Z","name":"Menu load test - 60 per minute","latency":{"min":854,"max":4035,"avg":2542.4,"median":3146,"95%":4035,"99%":4035},"result-codes":{"200":7,"total":7}},
{"ts":"2017-11-15T19:49:12.281Z","name":"Menu load test - 60 per minute","latency":{"min":924,"max":1896,"avg":1419.7,"median":1663,"95%":1896,"99%":1896},"result-codes":{"200":7,"total":7}},
{"ts":"2017-11-15T19:49:14.284Z","name":"Menu load test - 60 per minute","latency":{"min":1168,"max":1168,"avg":1168,"median":1168,"95%":1168,"99%":1168},"result-codes":{"200":1,"total":1}},
{"ts":"2017-11-15T19:49:16.284Z","name":"Menu load test - 60 per minute","latency":{"min":-1,"max":-1,"avg":null,"median":0,"95%":0,"99%":0},"result-codes":{"total":0}},
{"ts":"2017-11-15T19:49:18.288Z","name":"Menu load test - 60 per minute","latency":{"min":2022,"max":4052,"avg":2805.8,"median":2809,"95%":4052,"99%":4052},"result-codes":{"200":5,"total":5}},
{"ts":"2017-11-15T19:49:20.291Z","name":"Menu load test - 60 per minute","latency":{"min":2400,"max":3315,"avg":3006.3,"median":3304,"95%":3315,"99%":3315},"result-codes":{"200":3,"total":3}},
{"ts":"2017-11-15T19:49:22.292Z","name":"Menu load test - 60 per minute","latency":{"min":3119,"max":5739,"avg":4706.7,"median":5262,"95%":5739,"99%":5739},"result-codes":{"200":3,"total":3}},
{"ts":"2017-11-15T19:49:24.294Z","name":"Menu load test - 60 per minute","latency":{"min":3583,"max":3658,"avg":3620.5,"median":3583,"95%":3658,"99%":3658},"result-codes":{"200":2,"total":2}},
{"ts":"2017-11-15T19:49:26.296Z","name":"Menu load test - 60 per minute","latency":{"min":3760,"max":5188,"avg":4635,"median":4957,"95%":5188,"99%":5188},"result-codes":{"200":3,"total":3}},
{"ts":"2017-11-15T19:49:28.302Z","name":"Menu load test - 60 per minute","latency":{"min":-1,"max":-1,"avg":null,"median":0,"95%":0,"99%":0},"result-codes":{"total":0}},
{"ts":"2017-11-15T19:49:30.304Z","name":"Menu load test - 60 per minute","latency":{"min":5021,"max":9744,"avg":6764,"median":5527,"95%":9744,"99%":9744},"result-codes":{"200":3,"total":3}},
{"ts":"2017-11-15T19:49:32.309Z","name":"Menu load test - 60 per minute","latency":{"min":5238,"max":6739,"avg":5988.5,"median":5238,"95%":6739,"99%":6739},"result-codes":{"200":2,"total":2}},
{"ts":"2017-11-15T19:49:34.314Z","name":"Menu load test - 60 per minute","latency":{"min":3569,"max":13375,"avg":8330.5,"median":7833,"95%":13375,"99%":13375},"result-codes":{"200":8,"total":8}},
{"ts":"2017-11-15T19:49:36.321Z","name":"Menu load test - 60 per minute","latency":{"min":913,"max":2401,"avg":1543.4,"median":1682,"95%":2401,"99%":2401},"result-codes":{"200":9,"total":9}},
{"ts":"2017-11-15T19:49:38.323Z","name":"Menu load test - 60 per minute","latency":{"min":114,"max":4681,"avg":1196.2,"median":432,"95%":4681,"99%":4681},"result-codes":{"200":1,"502":4,"total":5}},
{"ts":"2017-11-15T19:49:40.324Z","name":"Menu load test - 60 per minute","latency":{"min":44,"max":165,"avg":88,"median":124,"95%":165,"99%":165},"result-codes":{"404":4,"502":1,"total":5}},
{"ts":"2017-11-15T19:49:42.327Z","name":"Menu load test - 60 per minute","latency":{"min":51,"max":76,"avg":63.5,"median":76,"95%":76,"99%":76},"result-codes":{"404":2,"total":2}},
{"ts":"2017-11-15T19:49:44.332Z","name":"Menu load test - 60 per minute","latency":{"min":44,"max":227,"avg":137.7,"median":160,"95%":227,"99%":227},"result-codes":{"404":6,"total":6}},
{"ts":"2017-11-15T19:49:46.338Z","name":"Menu load test - 60 per minute","latency":{"min":52,"max":72,"avg":63,"median":72,"95%":72,"99%":72},"result-codes":{"404":3,"total":3}},
{"ts":"2017-11-15T19:49:48.342Z","name":"Menu load test - 60 per minute","latency":{"min":50,"max":85,"avg":65.3,"median":67,"95%":85,"99%":85},"result-codes":{"404":4,"total":4}},
{"ts":"2017-11-15T19:49:50.344Z","name":"Menu load test - 60 per minute","latency":{"min":45,"max":77,"avg":57.2,"median":67,"95%":77,"99%":77},"result-codes":{"404":5,"total":5}},
{"ts":"2017-11-15T19:49:52.345Z","name":"Menu load test - 60 per minute","latency":{"min":47,"max":50,"avg":49,"median":50,"95%":50,"99%":50},"result-codes":{"404":3,"total":3}},
{"ts":"2017-11-15T19:49:54.348Z","name":"Menu load test - 60 per minute","latency":{"min":45,"max":100,"avg":69.4,"median":88,"95%":100,"99%":100},"result-codes":{"404":5,"total":5}},
{"ts":"2017-11-15T19:49:56.350Z","name":"Menu load test - 60 per minute","latency":{"min":53,"max":76,"avg":65,"median":76,"95%":76,"99%":76},"result-codes":{"404":3,"total":3}},
{"ts":"2017-11-15T19:49:58.351Z","name":"Menu load test - 60 per minute","latency":{"min":59,"max":70,"avg":64.3,"median":67,"95%":70,"99%":70},"result-codes":{"404":4,"total":4}},
{"ts":"2017-11-15T19:50:00.353Z","name":"Menu load test - 60 per minute","latency":{"min":51,"max":333,"avg":179.2,"median":274,"95%":333,"99%":333},"result-codes":{"404":5,"total":5}},
{"ts":"2017-11-15T19:50:02.354Z","name":"Menu load test - 60 per minute","latency":{"min":61,"max":61,"avg":61,"median":61,"95%":61,"99%":61},"result-codes":{"404":1,"total":1}},
{"ts":"2017-11-15T19:50:04.356Z","name":"Menu load test - 60 per minute","latency":{"min":-1,"max":-1,"avg":null,"median":0,"95%":0,"99%":0},"result-codes":{"total":0}},
{"ts":"2017-11-15T19:50:06.358Z","name":"Menu load test - 60 per minute","latency":{"min":-1,"max":-1,"avg":null,"median":0,"95%":0,"99%":0},"result-codes":{"total":0}},
{"ts":"2017-11-15T19:50:08.358Z","name":"Menu load test - 60 per minute","latency":{"min":5394,"max":5394,"avg":5394,"median":5394,"95%":5394,"99%":5394},"result-codes":{"200":1,"total":1}},
{"ts":"2017-11-15T19:50:10.359Z","name":"Menu load test - 60 per minute","latency":{"min":4328,"max":7214,"avg":5958.9,"median":6218,"95%":7214,"99%":7214},"result-codes":{"200":7,"total":7}},
{"ts":"2017-11-15T19:50:12.363Z","name":"Menu load test - 60 per minute","latency":{"min":2939,"max":8023,"avg":5329.8,"median":4068,"95%":8023,"99%":8023},"result-codes":{"200":1,"502":3,"total":4}},
{"ts":"2017-11-15T19:50:14.367Z","name":"Menu load test - 60 per minute","latency":{"min":-1,"max":-1,"avg":null,"median":0,"95%":0,"99%":0},"result-codes":{"total":0}},
{"ts":"2017-11-15T19:50:16.369Z","name":"Menu load test - 60 per minute","latency":{"min":-1,"max":-1,"avg":null,"median":0,"95%":0,"99%":0},"result-codes":{"total":0}},
{"ts":"2017-11-15T19:50:18.372Z","name":"Menu load test - 60 per minute","latency":{"min":6866,"max":7864,"avg":7246,"median":7008,"95%":7864,"99%":7864},"result-codes":{"200":2,"500":1,"total":3}},
{"ts":"2017-11-15T19:50:20.378Z","name":"Menu load test - 60 per minute","latency":{"min":7737,"max":9736,"avg":9027.3,"median":9609,"95%":9736,"99%":9736},"result-codes":{"200":3,"total":3}},
{"ts":"2017-11-15T19:50:22.382Z","name":"Menu load test - 60 per minute","latency":{"min":5322,"max":10560,"avg":7271.5,"median":5523,"95%":10560,"99%":10560},"result-codes":{"200":4,"total":4}},
{"ts":"2017-11-15T19:50:24.388Z","name":"Menu load test - 60 per minute","latency":{"min":5126,"max":13449,"avg":8565.3,"median":5470,"95%":13449,"99%":13449},"result-codes":{"200":2,"504":2,"total":4}},
{"ts":"2017-11-15T19:50:26.393Z","name":"Menu load test - 60 per minute","latency":{"min":2936,"max":5679,"avg":4100.4,"median":3948,"95%":5679,"99%":5679},"result-codes":{"200":7,"total":7}},
{"ts":"2017-11-15T19:50:28.397Z","name":"Menu load test - 60 per minute","latency":{"min":42,"max":3156,"avg":1101.9,"median":1675,"95%":3156,"99%":3156},"result-codes":{"404":1,"502":10,"total":11}},
{"ts":"2017-11-15T19:50:30.401Z","name":"Menu load test - 60 per minute","latency":{"min":39,"max":58,"avg":46.5,"median":45,"95%":58,"99%":58},"result-codes":{"404":4,"total":4}},
{"ts":"2017-11-15T19:50:32.406Z","name":"Menu load test - 60 per minute","latency":{"min":56,"max":65,"avg":59.5,"median":60,"95%":65,"99%":65},"result-codes":{"404":4,"total":4}},
{"ts":"2017-11-15T19:50:34.409Z","name":"Menu load test - 60 per minute","latency":{"min":39,"max":47,"avg":43.5,"median":44,"95%":47,"99%":47},"result-codes":{"404":4,"total":4}},
{"ts":"2017-11-15T19:50:36.412Z","name":"Menu load test - 60 per minute","latency":{"min":53,"max":61,"avg":57,"median":61,"95%":61,"99%":61},"result-codes":{"404":2,"total":2}},
{"ts":"2017-11-15T19:50:38.418Z","name":"Menu load test - 60 per minute","latency":{"min":37,"max":66,"avg":48,"median":49,"95%":66,"99%":66},"result-codes":{"404":6,"total":6}},
{"ts":"2017-11-15T19:50:40.422Z","name":"Menu load test - 60 per minute","latency":{"min":37,"max":43,"avg":40.5,"median":42,"95%":43,"99%":43},"result-codes":{"404":4,"total":4}},
{"ts":"2017-11-15T19:50:42.423Z","name":"Menu load test - 60 per minute","latency":{"min":47,"max":60,"avg":54.3,"median":60,"95%":60,"99%":60},"result-codes":{"404":4,"total":4}},
{"ts":"2017-11-15T19:50:44.428Z","name":"Menu load test - 60 per minute","latency":{"min":40,"max":83,"avg":52.5,"median":44,"95%":83,"99%":83},"result-codes":{"404":4,"total":4}},
{"ts":"2017-11-15T19:50:46.429Z","name":"Menu load test - 60 per minute","latency":{"min":41,"max":51,"avg":46,"median":51,"95%":51,"99%":51},"result-codes":{"404":2,"total":2}},
{"ts":"2017-11-15T19:50:48.434Z","name":"Menu load test - 60 per minute","latency":{"min":43,"max":97,"avg":60.3,"median":50,"95%":97,"99%":97},"result-codes":{"404":6,"total":6}},
{"ts":"2017-11-15T19:50:50.261Z","name":"Menu load test - 60 per minute","latency":{"min":54,"max":54,"avg":54,"median":54,"95%":54,"99%":54},"result-codes":{"404":1,"total":1}},
